c:\users\josh\desktop\coding\game design\snake\temp\snakewin32debug\vc142.pdb
c:\users\josh\desktop\coding\game design\snake\temp\snakewin32debug\vc142.idb
c:\users\josh\desktop\coding\game design\snake\temp\snakewin32debug\world.obj
c:\users\josh\desktop\coding\game design\snake\temp\snakewin32debug\gametext.obj
c:\users\josh\desktop\coding\game design\snake\temp\snakewin32debug\game.obj
c:\users\josh\desktop\coding\game design\snake\temp\snakewin32debug\snake.obj
c:\users\josh\desktop\coding\game design\snake\temp\snakewin32debug\messagedatabase.obj
c:\users\josh\desktop\coding\game design\snake\temp\snakewin32debug\main.obj
c:\users\josh\desktop\coding\game design\snake\temp\snakewin32debug\test.obj
c:\users\josh\desktop\coding\game design\snake\temp\snakewin32debug\seed.obj
c:\users\josh\desktop\coding\game design\snake\temp\snakewin32debug\mt.obj
c:\users\josh\desktop\coding\game design\snake\temp\snakewin32debug\playingstate.obj
c:\users\josh\desktop\coding\game design\snake\test\win32debug\snakewin32debug.ilk
c:\users\josh\desktop\coding\game design\snake\test\win32debug\snakewin32debug.exe
c:\users\josh\desktop\coding\game design\snake\test\win32debug\snakewin32debug.pdb
c:\users\josh\desktop\coding\game design\snake\source\snake\sln\..\..\..\test\win32debug\snakewin32debug.pdb
c:\users\josh\desktop\coding\game design\snake\temp\snakewin32debug\snake.tlog\cl.command.1.tlog
c:\users\josh\desktop\coding\game design\snake\temp\snakewin32debug\snake.tlog\cl.read.1.tlog
c:\users\josh\desktop\coding\game design\snake\temp\snakewin32debug\snake.tlog\cl.write.1.tlog
c:\users\josh\desktop\coding\game design\snake\temp\snakewin32debug\snake.tlog\link.5636-cvtres.read.1.tlog
c:\users\josh\desktop\coding\game design\snake\temp\snakewin32debug\snake.tlog\link.5636-cvtres.write.1.tlog
c:\users\josh\desktop\coding\game design\snake\temp\snakewin32debug\snake.tlog\link.5636-rc.read.1.tlog
c:\users\josh\desktop\coding\game design\snake\temp\snakewin32debug\snake.tlog\link.5636-rc.write.1.tlog
c:\users\josh\desktop\coding\game design\snake\temp\snakewin32debug\snake.tlog\link.5636.read.1.tlog
c:\users\josh\desktop\coding\game design\snake\temp\snakewin32debug\snake.tlog\link.5636.write.1.tlog
c:\users\josh\desktop\coding\game design\snake\temp\snakewin32debug\snake.tlog\link.command.1.tlog
c:\users\josh\desktop\coding\game design\snake\temp\snakewin32debug\snake.tlog\link.read.1.tlog
c:\users\josh\desktop\coding\game design\snake\temp\snakewin32debug\snake.tlog\link.write.1.tlog
